# JRE version: OpenJDK Runtime Environment (17.0.11) (build 17.0.11+0--11852314)
# Java VM: OpenJDK 64-Bit Server VM (17.0.11+0--11852314, mixed mode, tiered, compressed oops, compressed class ptrs, g1 gc, windows-amd64)
GC Precious Log:
 CPUs: 8 total, 8 available
 Memory: 7900M
 Large Page Support: Disabled
 NUMA Support: Disabled
 Compressed Oops: Enabled (Zero based)
 Heap Region Size: 2M
 Heap Min Capacity: 8M
 Heap Initial Capacity: 124M
 Heap Max Capacity: 4G
 Pre-touch: Disabled
 Parallel Workers: 8
 Concurrent Workers: 2
 Concurrent Refinement Workers: 8
 Periodic GC: Disabled
Heap:
 garbage-first heap   total 75776K, used 34031K [0x0000000700000000, 0x0000000800000000)
  region size 2048K, 3 young (6144K), 2 survivors (4096K)
 Metaspace       used 51051K, committed 51520K, reserved 1114112K
  class space    used 6833K, committed 7040K, reserved 1048576K
GC Heap History (20 events):
Event: 1.757 GC heap before
{Heap before GC invocations=1 (full 0):
 garbage-first heap   total 126976K, used 34572K [0x0000000700000000, 0x0000000800000000)
  region size 2048K, 14 young (28672K), 2 survivors (4096K)
 Metaspace       used 11201K, committed 11456K, reserved 1114112K
  class space    used 1168K, committed 1280K, reserved 1048576K
}
Event: 1.763 GC heap after
{Heap after GC invocations=2 (full 0):
 garbage-first heap   total 126976K, used 11077K [0x0000000700000000, 0x0000000800000000)
  region size 2048K, 1 young (2048K), 1 survivors (2048K)
 Metaspace       used 11201K, committed 11456K, reserved 1114112K
  class space    used 1168K, committed 1280K, reserved 1048576K
}
Event: 4.060 GC heap before
{Heap before GC invocations=2 (full 0):
 garbage-first heap   total 126976K, used 58181K [0x0000000700000000, 0x0000000800000000)
  region size 2048K, 25 young (51200K), 1 survivors (2048K)
 Metaspace       used 21268K, committed 21504K, reserved 1114112K
  class space    used 2551K, committed 2688K, reserved 1048576K
}
Event: 4.067 GC heap after
{Heap after GC invocations=3 (full 0):
 garbage-first heap   total 126976K, used 18563K [0x0000000700000000, 0x0000000800000000)
  region size 2048K, 5 young (10240K), 5 survivors (10240K)
 Metaspace       used 21268K, committed 21504K, reserved 1114112K
  class space    used 2551K, committed 2688K, reserved 1048576K
}
Event: 5.530 GC heap before
{Heap before GC invocations=4 (full 0):
 garbage-first heap   total 75776K, used 57475K [0x0000000700000000, 0x0000000800000000)
  region size 2048K, 25 young (51200K), 5 survivors (10240K)
 Metaspace       used 28134K, committed 28480K, reserved 1114112K
  class space    used 3719K, committed 3904K, reserved 1048576K
}
Event: 5.538 GC heap after
{Heap after GC invocations=5 (full 0):
 garbage-first heap   total 75776K, used 21334K [0x0000000700000000, 0x0000000800000000)
  region size 2048K, 2 young (4096K), 2 survivors (4096K)
 Metaspace       used 28134K, committed 28480K, reserved 1114112K
  class space    used 3719K, committed 3904K, reserved 1048576K
}
Event: 6.477 GC heap before
{Heap before GC invocations=5 (full 0):
 garbage-first heap   total 75776K, used 50006K [0x0000000700000000, 0x0000000800000000)
  region size 2048K, 16 young (32768K), 2 survivors (4096K)
 Metaspace       used 32149K, committed 32512K, reserved 1114112K
  class space    used 4362K, committed 4544K, reserved 1048576K
}
Event: 6.481 GC heap after
{Heap after GC invocations=6 (full 0):
 garbage-first heap   total 75776K, used 22715K [0x0000000700000000, 0x0000000800000000)
  region size 2048K, 1 young (2048K), 1 survivors (2048K)
 Metaspace       used 32149K, committed 32512K, reserved 1114112K
  class space    used 4362K, committed 4544K, reserved 1048576K
}
Event: 6.989 GC heap before
{Heap before GC invocations=6 (full 0):
 garbage-first heap   total 75776K, used 39099K [0x0000000700000000, 0x0000000800000000)
  region size 2048K, 10 young (20480K), 1 survivors (2048K)
 Metaspace       used 35705K, committed 35968K, reserved 1114112K
  class space    used 4764K, committed 4864K, reserved 1048576K
}
Event: 6.992 GC heap after
{Heap after GC invocations=7 (full 0):
 garbage-first heap   total 75776K, used 24237K [0x0000000700000000, 0x0000000800000000)
  region size 2048K, 2 young (4096K), 2 survivors (4096K)
 Metaspace       used 35705K, committed 35968K, reserved 1114112K
  class space    used 4764K, committed 4864K, reserved 1048576K
}
Event: 8.174 GC heap before
{Heap before GC invocations=8 (full 0):
 garbage-first heap   total 75776K, used 52909K [0x0000000700000000, 0x0000000800000000)
  region size 2048K, 17 young (34816K), 2 survivors (4096K)
 Metaspace       used 40080K, committed 40448K, reserved 1114112K
  class space    used 5280K, committed 5440K, reserved 1048576K
}
Event: 8.179 GC heap after
{Heap after GC invocations=9 (full 0):
 garbage-first heap   total 75776K, used 27800K [0x0000000700000000, 0x0000000800000000)
  region size 2048K, 3 young (6144K), 3 survivors (6144K)
 Metaspace       used 40080K, committed 40448K, reserved 1114112K
  class space    used 5280K, committed 5440K, reserved 1048576K
}
Event: 8.676 GC heap before
{Heap before GC invocations=9 (full 0):
 garbage-first heap   total 75776K, used 56472K [0x0000000700000000, 0x0000000800000000)
  region size 2048K, 17 young (34816K), 3 survivors (6144K)
 Metaspace       used 42021K, committed 42304K, reserved 1114112K
  class space    used 5465K, committed 5568K, reserved 1048576K
}
Event: 8.682 GC heap after
{Heap after GC invocations=10 (full 0):
 garbage-first heap   total 75776K, used 29747K [0x0000000700000000, 0x0000000800000000)
  region size 2048K, 3 young (6144K), 3 survivors (6144K)
 Metaspace       used 42021K, committed 42304K, reserved 1114112K
  class space    used 5465K, committed 5568K, reserved 1048576K
}
Event: 9.282 GC heap before
{Heap before GC invocations=10 (full 0):
 garbage-first heap   total 75776K, used 56371K [0x0000000700000000, 0x0000000800000000)
  region size 2048K, 16 young (32768K), 3 survivors (6144K)
 Metaspace       used 43821K, committed 44288K, reserved 1114112K
  class space    used 5756K, committed 5952K, reserved 1048576K
}
Event: 9.287 GC heap after
{Heap after GC invocations=11 (full 0):
 garbage-first heap   total 75776K, used 31886K [0x0000000700000000, 0x0000000800000000)
  region size 2048K, 2 young (4096K), 2 survivors (4096K)
 Metaspace       used 43821K, committed 44288K, reserved 1114112K
  class space    used 5756K, committed 5952K, reserved 1048576K
}
Event: 9.928 GC heap before
{Heap before GC invocations=11 (full 0):
 garbage-first heap   total 75776K, used 56462K [0x0000000700000000, 0x0000000800000000)
  region size 2048K, 14 young (28672K), 2 survivors (4096K)
 Metaspace       used 47369K, committed 47808K, reserved 1114112K
  class space    used 6264K, committed 6464K, reserved 1048576K
}
Event: 9.932 GC heap after
{Heap after GC invocations=12 (full 0):
 garbage-first heap   total 75776K, used 32695K [0x0000000700000000, 0x0000000800000000)
  region size 2048K, 2 young (4096K), 2 survivors (4096K)
 Metaspace       used 47369K, committed 47808K, reserved 1114112K
  class space    used 6264K, committed 6464K, reserved 1048576K
}
Event: 10.905 GC heap before
{Heap before GC invocations=12 (full 0):
 garbage-first heap   total 75776K, used 57271K [0x0000000700000000, 0x0000000800000000)
  region size 2048K, 14 young (28672K), 2 survivors (4096K)
 Metaspace       used 50287K, committed 50688K, reserved 1114112K
  class space    used 6748K, committed 6912K, reserved 1048576K
}
Event: 10.909 GC heap after
{Heap after GC invocations=13 (full 0):
 garbage-first heap   total 75776K, used 34031K [0x0000000700000000, 0x0000000800000000)
  region size 2048K, 2 young (4096K), 2 survivors (4096K)
 Metaspace       used 50287K, committed 50688K, reserved 1114112K
  class space    used 6748K, committed 6912K, reserved 1048576K
}

